[09:37:05] [Client thread/INFO]: Setting user: Player562
[09:37:07] [Client thread/INFO]: LWJGL Version: 2.9.4
[09:37:09] [Client thread/INFO]: Reloading ResourceManager: Default, FMLFileResourcePack:Forge Mod Loader, FMLFileResourcePack:Minecraft Forge
[09:37:10] [Sound Library Loader/INFO]: Starting up SoundSystem...
[09:37:10] [Thread-9/INFO]: Initializing LWJGL OpenAL
[09:37:10] [Thread-9/INFO]: (The LWJGL binding of OpenAL.  For more information, see http://www.lwjgl.org)
[09:37:10] [Thread-9/INFO]: OpenAL initialized.
[09:37:10] [Sound Library Loader/INFO]: Sound engine started
[09:37:13] [Client thread/INFO]: Created: 16x16 textures-atlas
[09:37:14] [Client thread/INFO]: Reloading ResourceManager: Default, FMLFileResourcePack:Forge Mod Loader, FMLFileResourcePack:Minecraft Forge
[09:37:14] [Client thread/INFO]: SoundSystem shutting down...
[09:37:14] [Client thread/WARN]: Author: Paul Lamb, www.paulscode.com
[09:37:14] [Sound Library Loader/INFO]: Starting up SoundSystem...
[09:37:14] [Thread-11/INFO]: Initializing LWJGL OpenAL
[09:37:14] [Thread-11/INFO]: (The LWJGL binding of OpenAL.  For more information, see http://www.lwjgl.org)
[09:37:14] [Thread-11/INFO]: OpenAL initialized.
[09:37:15] [Sound Library Loader/INFO]: Sound engine started
[09:37:17] [Client thread/INFO]: Created: 512x512 textures-atlas
[09:37:30] [Client thread/INFO]: Stopping!
[09:37:30] [Client thread/INFO]: SoundSystem shutting down...
[09:37:30] [Client thread/WARN]: Author: Paul Lamb, www.paulscode.com
